<?xml version="1.0" encoding="UTF-8" standalone="no"?><guntypes><gunType><id>1</id><name>arma</name><category>tare</category></gunType><gunType><id>10</id><name>aa</name><category>bb</category></gunType></guntypes>