<?xml version="1.0" encoding="UTF-8" standalone="no"?><clients><client><id>2</id><name>cc</name><dateOfBirth>11/12/1999</dateOfBirth></client><client><id>10</id><name>aa</name><dateOfBirth>11/11/1999</dateOfBirth></client></clients>