<?xml version="1.0" encoding="UTF-8" standalone="no"?><rentals><rental><id>(10, 10)</id><price>300</price></rental><rental><id>(1, 1)</id><price>200</price></rental></rentals>