<?xml version="1.0" encoding="UTF-8" standalone="no"?>
<rentals>
    <rental>
        <id>(1,1)</id>
        <price>10</price>
    </rental>
    <rental>
        <id>(2,2)</id>
        <price>20</price>
    </rental>
</rentals>